coin counter android/app/build/intermediates/manifest_merge_blame_file/debug/manifest-merger-blame-debug-report.txt
1<?xml version="1.0" encoding="utf-8"?>
2<manifest xmlns:android="http://schemas.android.com/apk/res/android"
3    package="org.tensorflow.codelabs.objectdetection"
4    android:versionCode="1"
5    android:versionName="1.0" >
6
7    <uses-sdk
8        android:minSdkVersion="23"
8-->src\main\AndroidManifest.xml
9        android:targetSdkVersion="30" />
9-->src\main\AndroidManifest.xml
10
11    <uses-permission android:name="android.permission.INTERNET" />
11-->src\main\AndroidManifest.xml:5:5-67
11-->src\main\AndroidManifest.xml:5:22-64
12    <uses-permission android:name="android.permission.READ_EXTERNAL_STORAGE" />
12-->src\main\AndroidManifest.xml:6:5-80
12-->src\main\AndroidManifest.xml:6:22-77
13    <uses-permission android:name="android.permission.WRITE_EXTERNAL_STORAGE" />
13-->src\main\AndroidManifest.xml:7:5-81
13-->src\main\AndroidManifest.xml:7:22-78
14
15    <queries>
15-->src\main\AndroidManifest.xml:8:5-12:15
16        <intent>
16-->src\main\AndroidManifest.xml:9:9-11:18
17            <action android:name="android.media.action.IMAGE_CAPTURE" />
17-->src\main\AndroidManifest.xml:10:13-73
17-->src\main\AndroidManifest.xml:10:21-70
18        </intent>
19    </queries>
20
21    <uses-permission android:name="android.permission.READ_PHONE_STATE" />
22
23    <application
23-->src\main\AndroidManifest.xml:14:5-41:19
24        android:allowBackup="true"
24-->src\main\AndroidManifest.xml:15:9-35
25        android:appComponentFactory="androidx.core.app.CoreComponentFactory"
25-->[androidx.core:core:1.3.2] AndroidManifest.xml:24:18-86
26        android:debuggable="true"
27        android:extractNativeLibs="false"
28        android:icon="@mipmap/ic_launcher"
28-->src\main\AndroidManifest.xml:16:9-43
29        android:label="@string/app_name"
29-->src\main\AndroidManifest.xml:17:9-41
30        android:roundIcon="@mipmap/ic_launcher_round"
30-->src\main\AndroidManifest.xml:18:9-54
31        android:supportsRtl="true"
31-->src\main\AndroidManifest.xml:19:9-35
32        android:testOnly="true"
33        android:theme="@style/Theme.ObjectDetection" >
33-->src\main\AndroidManifest.xml:20:9-53
34        <activity
34-->src\main\AndroidManifest.xml:21:9-31:20
35            android:name="org.tensorflow.codelabs.objectdetection.MainActivity"
35-->src\main\AndroidManifest.xml:22:13-41
36            android:exported="true"
36-->src\main\AndroidManifest.xml:23:13-36
37            android:screenOrientation="landscape"
37-->src\main\AndroidManifest.xml:25:13-50
38            android:theme="@style/Theme.AppCompat.NoActionBar" >
38-->src\main\AndroidManifest.xml:24:13-63
39            <intent-filter>
39-->src\main\AndroidManifest.xml:26:9-30:25
40                <action android:name="android.intent.action.MAIN" />
40-->src\main\AndroidManifest.xml:27:13-65
40-->src\main\AndroidManifest.xml:27:21-62
41
42                <category android:name="android.intent.category.LAUNCHER" />
42-->src\main\AndroidManifest.xml:29:13-73
42-->src\main\AndroidManifest.xml:29:23-70
43            </intent-filter>
44        </activity>
45
46        <provider
46-->src\main\AndroidManifest.xml:32:9-40:20
47            android:name="androidx.core.content.FileProvider"
47-->src\main\AndroidManifest.xml:33:13-62
48            android:authorities="org.tensorflow.codelabs.objectdetection.fileprovider"
48-->src\main\AndroidManifest.xml:34:13-87
49            android:exported="false"
49-->src\main\AndroidManifest.xml:35:13-37
50            android:grantUriPermissions="true" >
50-->src\main\AndroidManifest.xml:36:13-47
51            <meta-data
51-->src\main\AndroidManifest.xml:37:13-39:54
52                android:name="android.support.FILE_PROVIDER_PATHS"
52-->src\main\AndroidManifest.xml:38:17-67
53                android:resource="@xml/file_paths" />
53-->src\main\AndroidManifest.xml:39:17-51
54        </provider>
55    </application>
56
57</manifest>